<?xml version="1.0" encoding="UTF-8"?>
<!-- Generated by org.testng.reporters.JUnitReportReporter -->
<testsuite skipped="0" hostname="SHALINI" name="com.test.Test1" tests="1" failures="0" timestamp="18 Apr 2020 04:26:14 GMT" time="34.493" errors="0">
  <testcase name="searchProduct" time="34.493" classname="com.test.Test1"/>
</testsuite> <!-- com.test.Test1 -->
