<?xml version="1.0" encoding="UTF-8"?>
<!-- Generated by org.testng.reporters.JUnitReportReporter -->
<testsuite skipped="0" hostname="SHALINI" name="com.dell.delta.TestScenarios.Test1" tests="1" failures="0" timestamp="18 Apr 2020 04:51:47 GMT" time="6.184" errors="0">
  <testcase name="searchProduct" time="6.184" classname="com.dell.delta.TestScenarios.Test1"/>
</testsuite> <!-- com.dell.delta.TestScenarios.Test1 -->
