<?xml version="1.0" encoding="UTF-8"?>
<!-- Generated by org.testng.reporters.JUnitReportReporter -->
<testsuite skipped="0" hostname="SHALINI" name="com.nbrown.TestScenarios.JDW.Src_Login_10230_JDW" tests="1" failures="0" timestamp="19 Apr 2020 04:28:11 GMT" time="10.224" errors="0">
  <testcase name="loinToAppTest" time="10.224" classname="com.nbrown.TestScenarios.JDW.Src_Login_10230_JDW"/>
</testsuite> <!-- com.nbrown.TestScenarios.JDW.Src_Login_10230_JDW -->
