<?xml version="1.0" encoding="UTF-8"?>
<!-- Generated by org.testng.reporters.JUnitReportReporter -->
<testsuite skipped="0" hostname="SHALINI" name="com.nbrown.TestScenarios.JDW.Src_SearchProduct_102345_JDW" tests="1" failures="0" timestamp="20 Apr 2020 04:16:49 GMT" time="40.357" errors="0">
  <testcase name="searchProductTest" time="40.357" classname="com.nbrown.TestScenarios.JDW.Src_SearchProduct_102345_JDW"/>
</testsuite> <!-- com.nbrown.TestScenarios.JDW.Src_SearchProduct_102345_JDW -->
